  Library.cpp
A:\KPO\Lab7\Library.cpp(7,52): warning C4566: character represented by universal-character-name '\u043F' cannot be represented in the current code page (1252)
A:\KPO\Lab7\Library.cpp(7,52): warning C4566: character represented by universal-character-name '\u0440' cannot be represented in the current code page (1252)
A:\KPO\Lab7\Library.cpp(7,52): warning C4566: character represented by universal-character-name '\u0435' cannot be represented in the current code page (1252)
A:\KPO\Lab7\Library.cpp(7,52): warning C4566: character represented by universal-character-name '\u0432' cannot be represented in the current code page (1252)
A:\KPO\Lab7\Library.cpp(7,52): warning C4566: character represented by universal-character-name '\u044B' cannot be represented in the current code page (1252)
A:\KPO\Lab7\Library.cpp(7,52): warning C4566: character represented by universal-character-name '\u0448' cannot be represented in the current code page (1252)
A:\KPO\Lab7\Library.cpp(7,52): warning C4566: character represented by universal-character-name '\u043D' cannot be represented in the current code page (1252)
A:\KPO\Lab7\Library.cpp(7,52): warning C4566: character represented by universal-character-name '\u0430' cannot be represented in the current code page (1252)
A:\KPO\Lab7\Library.cpp(7,52): warning C4566: character represented by universal-character-name '\u0434' cannot be represented in the current code page (1252)
A:\KPO\Lab7\Library.cpp(7,52): warning C4566: character represented by universal-character-name '\u043B' cannot be represented in the current code page (1252)
A:\KPO\Lab7\Library.cpp(7,52): warning C4566: character represented by universal-character-name '\u0438' cannot be represented in the current code page (1252)
A:\KPO\Lab7\Library.cpp(7,52): warning C4566: character represented by universal-character-name '\u043C' cannot be represented in the current code page (1252)
A:\KPO\Lab7\Library.cpp(7,52): warning C4566: character represented by universal-character-name '\u0441' cannot be represented in the current code page (1252)
A:\KPO\Lab7\Library.cpp(7,52): warning C4566: character represented by universal-character-name '\u043E' cannot be represented in the current code page (1252)
A:\KPO\Lab7\Library.cpp(7,52): warning C4566: character represented by universal-character-name '\u044F' cannot be represented in the current code page (1252)
A:\KPO\Lab7\Library.cpp(8,40): warning C4566: character represented by universal-character-name '\u043F' cannot be represented in the current code page (1252)
A:\KPO\Lab7\Library.cpp(8,40): warning C4566: character represented by universal-character-name '\u0440' cannot be represented in the current code page (1252)
A:\KPO\Lab7\Library.cpp(8,40): warning C4566: character represented by universal-character-name '\u0435' cannot be represented in the current code page (1252)
A:\KPO\Lab7\Library.cpp(8,40): warning C4566: character represented by universal-character-name '\u0432' cannot be represented in the current code page (1252)
A:\KPO\Lab7\Library.cpp(8,40): warning C4566: character represented by universal-character-name '\u044B' cannot be represented in the current code page (1252)
A:\KPO\Lab7\Library.cpp(8,40): warning C4566: character represented by universal-character-name '\u0448' cannot be represented in the current code page (1252)
A:\KPO\Lab7\Library.cpp(8,40): warning C4566: character represented by universal-character-name '\u043D' cannot be represented in the current code page (1252)
A:\KPO\Lab7\Library.cpp(8,40): warning C4566: character represented by universal-character-name '\u0430' cannot be represented in the current code page (1252)
A:\KPO\Lab7\Library.cpp(8,40): warning C4566: character represented by universal-character-name '\u0437' cannot be represented in the current code page (1252)
A:\KPO\Lab7\Library.cpp(8,40): warning C4566: character represented by universal-character-name '\u043C' cannot be represented in the current code page (1252)
A:\KPO\Lab7\Library.cpp(8,40): warning C4566: character represented by universal-character-name '\u043A' cannot be represented in the current code page (1252)
A:\KPO\Lab7\Library.cpp(8,40): warning C4566: character represented by universal-character-name '\u0441' cannot be represented in the current code page (1252)
A:\KPO\Lab7\Library.cpp(8,40): warning C4566: character represented by universal-character-name '\u0438' cannot be represented in the current code page (1252)
A:\KPO\Lab7\Library.cpp(8,40): warning C4566: character represented by universal-character-name '\u043B' cannot be represented in the current code page (1252)
A:\KPO\Lab7\Library.cpp(8,40): warning C4566: character represented by universal-character-name '\u044C' cannot be represented in the current code page (1252)
A:\KPO\Lab7\Library.cpp(8,40): warning C4566: character represented by universal-character-name '\u043E' cannot be represented in the current code page (1252)
A:\KPO\Lab7\Library.cpp(8,40): warning C4566: character represented by universal-character-name '\u0439' cannot be represented in the current code page (1252)
A:\KPO\Lab7\Library.cpp(8,40): warning C4566: character represented by universal-character-name '\u0442' cannot be represented in the current code page (1252)
A:\KPO\Lab7\Library.cpp(8,40): warning C4566: character represented by universal-character-name '\u044F' cannot be represented in the current code page (1252)
A:\KPO\Lab7\Library.cpp(18,47): warning C4566: character represented by universal-character-name '\u043F' cannot be represented in the current code page (1252)
A:\KPO\Lab7\Library.cpp(18,47): warning C4566: character represented by universal-character-name '\u0435' cannot be represented in the current code page (1252)
A:\KPO\Lab7\Library.cpp(18,47): warning C4566: character represented by universal-character-name '\u0440' cannot be represented in the current code page (1252)
A:\KPO\Lab7\Library.cpp(18,47): warning C4566: character represented by universal-character-name '\u043E' cannot be represented in the current code page (1252)
A:\KPO\Lab7\Library.cpp(18,47): warning C4566: character represented by universal-character-name '\u043B' cannot be represented in the current code page (1252)
A:\KPO\Lab7\Library.cpp(18,47): warning C4566: character represented by universal-character-name '\u043D' cannot be represented in the current code page (1252)
A:\KPO\Lab7\Library.cpp(18,47): warning C4566: character represented by universal-character-name '\u0438' cannot be represented in the current code page (1252)
A:\KPO\Lab7\Library.cpp(18,47): warning C4566: character represented by universal-character-name '\u0441' cannot be represented in the current code page (1252)
A:\KPO\Lab7\Library.cpp(18,47): warning C4566: character represented by universal-character-name '\u0432' cannot be represented in the current code page (1252)
A:\KPO\Lab7\Library.cpp(18,47): warning C4566: character represented by universal-character-name '\u0430' cannot be represented in the current code page (1252)
A:\KPO\Lab7\Library.cpp(18,47): warning C4566: character represented by universal-character-name '\u044F' cannot be represented in the current code page (1252)
A:\KPO\Lab7\Library.cpp(20,54): warning C4566: character represented by universal-character-name '\u0434' cannot be represented in the current code page (1252)
A:\KPO\Lab7\Library.cpp(20,54): warning C4566: character represented by universal-character-name '\u0443' cannot be represented in the current code page (1252)
A:\KPO\Lab7\Library.cpp(20,54): warning C4566: character represented by universal-character-name '\u0431' cannot be represented in the current code page (1252)
A:\KPO\Lab7\Library.cpp(20,54): warning C4566: character represented by universal-character-name '\u043B' cannot be represented in the current code page (1252)
A:\KPO\Lab7\Library.cpp(20,54): warning C4566: character represented by universal-character-name '\u0438' cannot be represented in the current code page (1252)
A:\KPO\Lab7\Library.cpp(20,54): warning C4566: character represented by universal-character-name '\u0440' cannot be represented in the current code page (1252)
A:\KPO\Lab7\Library.cpp(20,54): warning C4566: character represented by universal-character-name '\u043E' cannot be represented in the current code page (1252)
A:\KPO\Lab7\Library.cpp(20,54): warning C4566: character represented by universal-character-name '\u0432' cannot be represented in the current code page (1252)
A:\KPO\Lab7\Library.cpp(20,54): warning C4566: character represented by universal-character-name '\u0430' cannot be represented in the current code page (1252)
A:\KPO\Lab7\Library.cpp(20,54): warning C4566: character represented by universal-character-name '\u043D' cannot be represented in the current code page (1252)
A:\KPO\Lab7\Library.cpp(20,54): warning C4566: character represented by universal-character-name '\u0435' cannot be represented in the current code page (1252)
A:\KPO\Lab7\Library.cpp(20,54): warning C4566: character represented by universal-character-name '\u0442' cannot be represented in the current code page (1252)
A:\KPO\Lab7\Library.cpp(20,54): warning C4566: character represented by universal-character-name '\u0444' cannot be represented in the current code page (1252)
A:\KPO\Lab7\Library.cpp(20,54): warning C4566: character represented by universal-character-name '\u043A' cannot be represented in the current code page (1252)
A:\KPO\Lab7\Library.cpp(31,17): warning C4566: character represented by universal-character-name '\u043D' cannot be represented in the current code page (1252)
A:\KPO\Lab7\Library.cpp(31,17): warning C4566: character represented by universal-character-name '\u0435' cannot be represented in the current code page (1252)
A:\KPO\Lab7\Library.cpp(31,17): warning C4566: character represented by universal-character-name '\u0430' cannot be represented in the current code page (1252)
A:\KPO\Lab7\Library.cpp(31,17): warning C4566: character represented by universal-character-name '\u0439' cannot be represented in the current code page (1252)
A:\KPO\Lab7\Library.cpp(31,17): warning C4566: character represented by universal-character-name '\u0434' cannot be represented in the current code page (1252)
A:\KPO\Lab7\Library.cpp(31,17): warning C4566: character represented by universal-character-name '\u044D' cannot be represented in the current code page (1252)
A:\KPO\Lab7\Library.cpp(31,17): warning C4566: character represented by universal-character-name '\u043B' cannot be represented in the current code page (1252)
A:\KPO\Lab7\Library.cpp(31,17): warning C4566: character represented by universal-character-name '\u043C' cannot be represented in the current code page (1252)
A:\KPO\Lab7\Library.cpp(31,17): warning C4566: character represented by universal-character-name '\u0442' cannot be represented in the current code page (1252)
A:\KPO\Lab7\Library.cpp(52,59): warning C4566: character represented by universal-character-name '\u0434' cannot be represented in the current code page (1252)
A:\KPO\Lab7\Library.cpp(52,59): warning C4566: character represented by universal-character-name '\u0443' cannot be represented in the current code page (1252)
A:\KPO\Lab7\Library.cpp(52,59): warning C4566: character represented by universal-character-name '\u0431' cannot be represented in the current code page (1252)
A:\KPO\Lab7\Library.cpp(52,59): warning C4566: character represented by universal-character-name '\u043B' cannot be represented in the current code page (1252)
A:\KPO\Lab7\Library.cpp(52,59): warning C4566: character represented by universal-character-name '\u0438' cannot be represented in the current code page (1252)
A:\KPO\Lab7\Library.cpp(52,59): warning C4566: character represented by universal-character-name '\u0440' cannot be represented in the current code page (1252)
A:\KPO\Lab7\Library.cpp(52,59): warning C4566: character represented by universal-character-name '\u043E' cannot be represented in the current code page (1252)
A:\KPO\Lab7\Library.cpp(52,59): warning C4566: character represented by universal-character-name '\u0432' cannot be represented in the current code page (1252)
A:\KPO\Lab7\Library.cpp(52,59): warning C4566: character represented by universal-character-name '\u0430' cannot be represented in the current code page (1252)
A:\KPO\Lab7\Library.cpp(52,59): warning C4566: character represented by universal-character-name '\u043D' cannot be represented in the current code page (1252)
A:\KPO\Lab7\Library.cpp(52,59): warning C4566: character represented by universal-character-name '\u0435' cannot be represented in the current code page (1252)
A:\KPO\Lab7\Library.cpp(52,59): warning C4566: character represented by universal-character-name '\u0442' cannot be represented in the current code page (1252)
A:\KPO\Lab7\Library.cpp(52,59): warning C4566: character represented by universal-character-name '\u0444' cannot be represented in the current code page (1252)
A:\KPO\Lab7\Library.cpp(52,59): warning C4566: character represented by universal-character-name '\u043A' cannot be represented in the current code page (1252)
A:\KPO\Lab7\Library.cpp(66,18): warning C4566: character represented by universal-character-name '\u043D' cannot be represented in the current code page (1252)
A:\KPO\Lab7\Library.cpp(66,18): warning C4566: character represented by universal-character-name '\u0435' cannot be represented in the current code page (1252)
A:\KPO\Lab7\Library.cpp(66,18): warning C4566: character represented by universal-character-name '\u0430' cannot be represented in the current code page (1252)
A:\KPO\Lab7\Library.cpp(66,18): warning C4566: character represented by universal-character-name '\u0439' cannot be represented in the current code page (1252)
A:\KPO\Lab7\Library.cpp(66,18): warning C4566: character represented by universal-character-name '\u0434' cannot be represented in the current code page (1252)
A:\KPO\Lab7\Library.cpp(66,18): warning C4566: character represented by universal-character-name '\u044D' cannot be represented in the current code page (1252)
A:\KPO\Lab7\Library.cpp(66,18): warning C4566: character represented by universal-character-name '\u043B' cannot be represented in the current code page (1252)
A:\KPO\Lab7\Library.cpp(66,18): warning C4566: character represented by universal-character-name '\u043C' cannot be represented in the current code page (1252)
A:\KPO\Lab7\Library.cpp(66,18): warning C4566: character represented by universal-character-name '\u0442' cannot be represented in the current code page (1252)
A:\KPO\Lab7\Library.cpp(75,17): warning C4566: character represented by universal-character-name '\u043D' cannot be represented in the current code page (1252)
A:\KPO\Lab7\Library.cpp(75,17): warning C4566: character represented by universal-character-name '\u0435' cannot be represented in the current code page (1252)
A:\KPO\Lab7\Library.cpp(75,17): warning C4566: character represented by universal-character-name '\u0430' cannot be represented in the current code page (1252)
A:\KPO\Lab7\Library.cpp(75,17): warning C4566: character represented by universal-character-name '\u0439' cannot be represented in the current code page (1252)
A:\KPO\Lab7\Library.cpp(75,17): warning C4566: character represented by universal-character-name '\u0434' cannot be represented in the current code page (1252)
A:\KPO\Lab7\Library.cpp(75,17): warning C4566: character represented by universal-character-name '\u044D' cannot be represented in the current code page (1252)
A:\KPO\Lab7\Library.cpp(75,17): warning C4566: character represented by universal-character-name '\u043B' cannot be represented in the current code page (1252)
A:\KPO\Lab7\Library.cpp(75,17): warning C4566: character represented by universal-character-name '\u043C' cannot be represented in the current code page (1252)
A:\KPO\Lab7\Library.cpp(75,17): warning C4566: character represented by universal-character-name '\u0442' cannot be represented in the current code page (1252)
A:\KPO\Lab7\Library.cpp(85): warning C4715: 'Dictionary::GetEntry': not all control paths return a value
  Lab7.vcxproj -> A:\KPO\Lab7\x64\Debug\Library.lib
