Build started 21/02/2022 16:41:34.
Logging verbosity is set to: Normal.     1>Project "D:\2 семестр\КПО\Лаба 2\Лаба 2\Лаба 2.vcxproj" on node 2 (Build target(s)).
     1>InitializeBuildStatus:
         Touching "x64\Debug\Лаба 2.tlog\unsuccessfulbuild".
       ClCompile:
         C:\Program Files\Microsoft Visual Studio\2022\Community\VC\Tools\MSVC\14.31.31103\bin\HostX64\x64\CL.exe /c /ZI /JMC /nologo /W3 /WX- /diagnostics:column /sdl /Od /D _DEBUG /D _CONSOLE /D _UNICODE /D UNICODE /Gm- /EHsc /RTC1 /MDd /GS /fp:precise /Zc:wchar_t /Zc:forScope /Zc:inline /permissive- /Fo"x64\Debug\\" /Fd"x64\Debug\vc143.pdb" /external:W3 /Gd /TP /FC /errorReport:prompt Func_mul.cpp Func_sub.cpp Func_sum.cpp Lab2.cpp
         Func_mul.cpp
         Func_sub.cpp
         Func_sum.cpp
         Lab2.cpp
         Generating Code...
       Link:
         C:\Program Files\Microsoft Visual Studio\2022\Community\VC\Tools\MSVC\14.31.31103\bin\HostX64\x64\link.exe /ERRORREPORT:PROMPT /OUT:"D:\2 семестр\КПО\Лаба 2\Лаба 2\x64\Debug\Лаба 2.exe" /INCREMENTAL /ILK:"x64\Debug\Лаба 2.ilk" /NOLOGO kernel32.lib user32.lib gdi32.lib winspool.lib comdlg32.lib advapi32.lib shell32.lib ole32.lib oleaut32.lib uuid.lib odbc32.lib odbccp32.lib /MANIFEST /MANIFESTUAC:"level='asInvoker' uiAccess='false'" /manifest:embed /DEBUG /PDB:"D:\2 семестр\КПО\Лаба 2\Лаба 2\x64\Debug\Лаба 2.pdb" /SUBSYSTEM:CONSOLE /TLBID:1 /DYNAMICBASE /NXCOMPAT /IMPLIB:"D:\2 семестр\КПО\Лаба 2\Лаба 2\x64\Debug\Лаба 2.lib" /MACHINE:X64 x64\Debug\Func_mul.obj
         x64\Debug\Func_sub.obj
         x64\Debug\Func_sum.obj
         x64\Debug\Lab2.obj
         Лаба 2.vcxproj -> D:\2 семестр\КПО\Лаба 2\Лаба 2\x64\Debug\Лаба 2.exe
       FinalizeBuildStatus:
         Deleting file "x64\Debug\Лаба 2.tlog\unsuccessfulbuild".
         Touching "x64\Debug\Лаба 2.tlog\Лаба 2.lastbuildstate".
     1>Done Building Project "D:\2 семестр\КПО\Лаба 2\Лаба 2\Лаба 2.vcxproj" (Build target(s)).

Build succeeded.
    0 Warning(s)
    0 Error(s)

Time Elapsed 00:00:04.60
