Build started 19/04/2022 19:51:46.
Logging verbosity is set to: Normal.     1>Project "D:\Second_Semestr\KPO\Lab6\Lab6\Lab6.vcxproj" on node 2 (Build target(s)).
     1>InitializeBuildStatus:
         Touching "x64\Debug\Lab6.tlog\unsuccessfulbuild".
       ClCompile:
         C:\Program Files\Microsoft Visual Studio\2022\Community\VC\Tools\MSVC\14.31.31103\bin\HostX64\x64\CL.exe /c /ZI /JMC /nologo /W3 /WX- /diagnostics:column /sdl /Od /D _DEBUG /D _CONSOLE /D _UNICODE /D UNICODE /Gm- /EHsc /RTC1 /MDd /GS /fp:precise /Zc:wchar_t /Zc:forScope /Zc:inline /permissive- /Fo"x64\Debug\\" /Fd"x64\Debug\vc143.pdb" /external:W3 /Gd /TP /FC /errorReport:prompt Dictionary.cpp
         Dictionary.cpp
     1>D:\Second_Semestr\KPO\Lab6\Lab6\Dictionary.cpp(76): warning C4715: 'Dictionary::GetEntry': not all control paths return a value
       Link:
         C:\Program Files\Microsoft Visual Studio\2022\Community\VC\Tools\MSVC\14.31.31103\bin\HostX64\x64\link.exe /ERRORREPORT:PROMPT /OUT:"D:\Second_Semestr\KPO\Lab6\Lab6\x64\Debug\Lab6.exe" /INCREMENTAL /ILK:"x64\Debug\Lab6.ilk" /NOLOGO kernel32.lib user32.lib gdi32.lib winspool.lib comdlg32.lib advapi32.lib shell32.lib ole32.lib oleaut32.lib uuid.lib odbc32.lib odbccp32.lib /MANIFEST /MANIFESTUAC:"level='asInvoker' uiAccess='false'" /manifest:embed /DEBUG /PDB:"D:\Second_Semestr\KPO\Lab6\Lab6\x64\Debug\Lab6.pdb" /SUBSYSTEM:CONSOLE /TLBID:1 /DYNAMICBASE /NXCOMPAT /IMPLIB:"D:\Second_Semestr\KPO\Lab6\Lab6\x64\Debug\Lab6.lib" /MACHINE:X64 x64\Debug\Dictionary.obj
         x64\Debug\Macros.obj
         Lab6.vcxproj -> D:\Second_Semestr\KPO\Lab6\Lab6\x64\Debug\Lab6.exe
       FinalizeBuildStatus:
         Deleting file "x64\Debug\Lab6.tlog\unsuccessfulbuild".
         Touching "x64\Debug\Lab6.tlog\Lab6.lastbuildstate".
     1>Done Building Project "D:\Second_Semestr\KPO\Lab6\Lab6\Lab6.vcxproj" (Build target(s)).

Build succeeded.

       "D:\Second_Semestr\KPO\Lab6\Lab6\Lab6.vcxproj" (Build target) (1) ->
       (ClCompile target) -> 
         D:\Second_Semestr\KPO\Lab6\Lab6\Dictionary.cpp(76): warning C4715: 'Dictionary::GetEntry': not all control paths return a value

    1 Warning(s)
    0 Error(s)

Time Elapsed 00:00:03.50
